# JRE version: Java(TM) SE Runtime Environment (7.0_51-b13) (build 1.7.0_51-b13)
# Java VM: Java HotSpot(TM) 64-Bit Server VM (24.51-b03 mixed mode windows-amd64 compressed oops)
Heap
 PSYoungGen      total 235520K, used 78866K [0x00000000eaa80000, 0x00000000ff000000, 0x0000000100000000)
  eden space 133120K, 59% used [0x00000000eaa80000,0x00000000ef76ca10,0x00000000f2c80000)
  from space 102400K, 0% used [0x00000000f8c00000,0x00000000f8c18000,0x00000000ff000000)
  to   space 97792K, 0% used [0x00000000f2c80000,0x00000000f2c80000,0x00000000f8c00000)
 ParOldGen       total 515584K, used 348281K [0x00000000c0000000, 0x00000000df780000, 0x00000000eaa80000)
  object space 515584K, 67% used [0x00000000c0000000,0x00000000d541e5a8,0x00000000df780000)
 PSPermGen       total 33792K, used 24776K [0x00000000bae00000, 0x00000000bcf00000, 0x00000000c0000000)
  object space 33792K, 73% used [0x00000000bae00000,0x00000000bc6322c0,0x00000000bcf00000)
GC Heap History (10 events):
Event: 84.698 GC heap before
{Heap before GC invocations=21 (full 1):
 PSYoungGen      total 233472K, used 117280K [0x00000000eaa80000, 0x0000000100000000, 0x0000000100000000)
  eden space 117248K, 100% used [0x00000000eaa80000,0x00000000f1d00000,0x00000000f1d00000)
  from space 116224K, 0% used [0x00000000f1d00000,0x00000000f1d08000,0x00000000f8e80000)
  to   space 116224K, 0% used [0x00000000f8e80000,0x00000000f8e80000,0x0000000100000000)
 ParOldGen       total 515584K, used 347483K [0x00000000c0000000, 0x00000000df780000, 0x00000000eaa80000)
  object space 515584K, 67% used [0x00000000c0000000,0x00000000d5356c78,0x00000000df780000)
 PSPermGen       total 33792K, used 24564K [0x00000000bae00000, 0x00000000bcf00000, 0x00000000c0000000)
  object space 33792K, 72% used [0x00000000bae00000,0x00000000bc5fd208,0x00000000bcf00000)
Event: 84.711 GC heap after
Heap after GC invocations=21 (full 1):
 PSYoungGen      total 233472K, used 1552K [0x00000000eaa80000, 0x0000000100000000, 0x0000000100000000)
  eden space 117248K, 0% used [0x00000000eaa80000,0x00000000eaa80000,0x00000000f1d00000)
  from space 116224K, 1% used [0x00000000f8e80000,0x00000000f9004060,0x0000000100000000)
  to   space 116224K, 0% used [0x00000000f1d00000,0x00000000f1d00000,0x00000000f8e80000)
 ParOldGen       total 515584K, used 347507K [0x00000000c0000000, 0x00000000df780000, 0x00000000eaa80000)
  object space 515584K, 67% used [0x00000000c0000000,0x00000000d535cc78,0x00000000df780000)
 PSPermGen       total 33792K, used 24564K [0x00000000bae00000, 0x00000000bcf00000, 0x00000000c0000000)
  object space 33792K, 72% used [0x00000000bae00000,0x00000000bc5fd208,0x00000000bcf00000)
}
Event: 87.016 GC heap before
{Heap before GC invocations=22 (full 1):
 PSYoungGen      total 233472K, used 118800K [0x00000000eaa80000, 0x0000000100000000, 0x0000000100000000)
  eden space 117248K, 100% used [0x00000000eaa80000,0x00000000f1d00000,0x00000000f1d00000)
  from space 116224K, 1% used [0x00000000f8e80000,0x00000000f9004060,0x0000000100000000)
  to   space 116224K, 0% used [0x00000000f1d00000,0x00000000f1d00000,0x00000000f8e80000)
 ParOldGen       total 515584K, used 347507K [0x00000000c0000000, 0x00000000df780000, 0x00000000eaa80000)
  object space 515584K, 67% used [0x00000000c0000000,0x00000000d535cc78,0x00000000df780000)
 PSPermGen       total 33792K, used 24635K [0x00000000bae00000, 0x00000000bcf00000, 0x00000000c0000000)
  object space 33792K, 72% used [0x00000000bae00000,0x00000000bc60eeb8,0x00000000bcf00000)
Event: 87.089 GC heap after
Heap after GC invocations=22 (full 1):
 PSYoungGen      total 117760K, used 320K [0x00000000eaa80000, 0x00000000ffb00000, 0x0000000100000000)
  eden space 117248K, 0% used [0x00000000eaa80000,0x00000000eaa80000,0x00000000f1d00000)
  from space 512K, 62% used [0x00000000f1d00000,0x00000000f1d50000,0x00000000f1d80000)
  to   space 113664K, 0% used [0x00000000f8c00000,0x00000000f8c00000,0x00000000ffb00000)
 ParOldGen       total 515584K, used 348003K [0x00000000c0000000, 0x00000000df780000, 0x00000000eaa80000)
  object space 515584K, 67% used [0x00000000c0000000,0x00000000d53d8d58,0x00000000df780000)
 PSPermGen       total 33792K, used 24635K [0x00000000bae00000, 0x00000000bcf00000, 0x00000000c0000000)
  object space 33792K, 72% used [0x00000000bae00000,0x00000000bc60eeb8,0x00000000bcf00000)
}
Event: 90.063 GC heap before
{Heap before GC invocations=23 (full 1):
 PSYoungGen      total 117760K, used 117568K [0x00000000eaa80000, 0x00000000ffb00000, 0x0000000100000000)
  eden space 117248K, 100% used [0x00000000eaa80000,0x00000000f1d00000,0x00000000f1d00000)
  from space 512K, 62% used [0x00000000f1d00000,0x00000000f1d50000,0x00000000f1d80000)
  to   space 113664K, 0% used [0x00000000f8c00000,0x00000000f8c00000,0x00000000ffb00000)
 ParOldGen       total 515584K, used 348003K [0x00000000c0000000, 0x00000000df780000, 0x00000000eaa80000)
  object space 515584K, 67% used [0x00000000c0000000,0x00000000d53d8d58,0x00000000df780000)
 PSPermGen       total 33792K, used 24644K [0x00000000bae00000, 0x00000000bcf00000, 0x00000000c0000000)
  object space 33792K, 72% used [0x00000000bae00000,0x00000000bc611398,0x00000000bcf00000)
Event: 94.645 GC heap after
Heap after GC invocations=23 (full 1):
 PSYoungGen      total 236032K, used 1184K [0x00000000eaa80000, 0x0000000100000000, 0x0000000100000000)
  eden space 122368K, 0% used [0x00000000eaa80000,0x00000000eaa80000,0x00000000f2200000)
  from space 113664K, 1% used [0x00000000f8c00000,0x00000000f8d28000,0x00000000ffb00000)
  to   space 108544K, 0% used [0x00000000f2200000,0x00000000f2200000,0x00000000f8c00000)
 ParOldGen       total 515584K, used 348003K [0x00000000c0000000, 0x00000000df780000, 0x00000000eaa80000)
  object space 515584K, 67% used [0x00000000c0000000,0x00000000d53d8d58,0x00000000df780000)
 PSPermGen       total 33792K, used 24644K [0x00000000bae00000, 0x00000000bcf00000, 0x00000000c0000000)
  object space 33792K, 72% used [0x00000000bae00000,0x00000000bc611398,0x00000000bcf00000)
}
Event: 95.477 GC heap before
{Heap before GC invocations=24 (full 1):
 PSYoungGen      total 236032K, used 123552K [0x00000000eaa80000, 0x0000000100000000, 0x0000000100000000)
  eden space 122368K, 100% used [0x00000000eaa80000,0x00000000f2200000,0x00000000f2200000)
  from space 113664K, 1% used [0x00000000f8c00000,0x00000000f8d28000,0x00000000ffb00000)
  to   space 108544K, 0% used [0x00000000f2200000,0x00000000f2200000,0x00000000f8c00000)
 ParOldGen       total 515584K, used 348003K [0x00000000c0000000, 0x00000000df780000, 0x00000000eaa80000)
  object space 515584K, 67% used [0x00000000c0000000,0x00000000d53d8d58,0x00000000df780000)
 PSPermGen       total 33792K, used 24653K [0x00000000bae00000, 0x00000000bcf00000, 0x00000000c0000000)
  object space 33792K, 72% used [0x00000000bae00000,0x00000000bc613798,0x00000000bcf00000)
Event: 95.582 GC heap after
Heap after GC invocations=24 (full 1):
 PSYoungGen      total 230912K, used 32K [0x00000000eaa80000, 0x00000000ff100000, 0x0000000100000000)
  eden space 122368K, 0% used [0x00000000eaa80000,0x00000000eaa80000,0x00000000f2200000)
  from space 108544K, 0% used [0x00000000f2200000,0x00000000f2208000,0x00000000f8c00000)
  to   space 103424K, 0% used [0x00000000f8c00000,0x00000000f8c00000,0x00000000ff100000)
 ParOldGen       total 515584K, used 348281K [0x00000000c0000000, 0x00000000df780000, 0x00000000eaa80000)
  object space 515584K, 67% used [0x00000000c0000000,0x00000000d541e5a8,0x00000000df780000)
 PSPermGen       total 33792K, used 24653K [0x00000000bae00000, 0x00000000bcf00000, 0x00000000c0000000)
  object space 33792K, 72% used [0x00000000bae00000,0x00000000bc613798,0x00000000bcf00000)
}
Event: 96.400 GC heap before
{Heap before GC invocations=25 (full 1):
 PSYoungGen      total 230912K, used 122400K [0x00000000eaa80000, 0x00000000ff100000, 0x0000000100000000)
  eden space 122368K, 100% used [0x00000000eaa80000,0x00000000f2200000,0x00000000f2200000)
  from space 108544K, 0% used [0x00000000f2200000,0x00000000f2208000,0x00000000f8c00000)
  to   space 103424K, 0% used [0x00000000f8c00000,0x00000000f8c00000,0x00000000ff100000)
 ParOldGen       total 515584K, used 348281K [0x00000000c0000000, 0x00000000df780000, 0x00000000eaa80000)
  object space 515584K, 67% used [0x00000000c0000000,0x00000000d541e5a8,0x00000000df780000)
 PSPermGen       total 33792K, used 24657K [0x00000000bae00000, 0x00000000bcf00000, 0x00000000c0000000)
  object space 33792K, 72% used [0x00000000bae00000,0x00000000bc6145e0,0x00000000bcf00000)
Event: 96.490 GC heap after
Heap after GC invocations=25 (full 1):
 PSYoungGen      total 235520K, used 96K [0x00000000eaa80000, 0x00000000ff000000, 0x0000000100000000)
  eden space 133120K, 0% used [0x00000000eaa80000,0x00000000eaa80000,0x00000000f2c80000)
  from space 102400K, 0% used [0x00000000f8c00000,0x00000000f8c18000,0x00000000ff000000)
  to   space 97792K, 0% used [0x00000000f2c80000,0x00000000f2c80000,0x00000000f8c00000)
 ParOldGen       total 515584K, used 348281K [0x00000000c0000000, 0x00000000df780000, 0x00000000eaa80000)
  object space 515584K, 67% used [0x00000000c0000000,0x00000000d541e5a8,0x00000000df780000)
 PSPermGen       total 33792K, used 24657K [0x00000000bae00000, 0x00000000bcf00000, 0x00000000c0000000)
  object space 33792K, 72% used [0x00000000bae00000,0x00000000bc6145e0,0x00000000bcf00000)
}

